<?xml version="1.0" encoding="UTF-8"?>
<testng-results skipped="0" failed="0" ignored="0" total="2" passed="2">
  <reporter-output>
  </reporter-output>
  <suite name="Default suite" duration-ms="132" started-at="2018-05-20T12:07:30Z" finished-at="2018-05-20T12:07:30Z">
    <groups>
    </groups>
    <test name="Default test" duration-ms="132" started-at="2018-05-20T12:07:30Z" finished-at="2018-05-20T12:07:30Z">
      <class name="Execute.Demo">
        <test-method status="PASS" signature="Sub()[pri:0, instance:Execute.Demo@6d00a15d]" name="Sub" duration-ms="68" started-at="2018-05-20T05:07:30Z" finished-at="2018-05-20T05:07:30Z">
          <reporter-output>
          </reporter-output>
        </test-method> <!-- Sub -->
        <test-method status="PASS" signature="sum()[pri:0, instance:Execute.Demo@6d00a15d]" name="sum" duration-ms="3" started-at="2018-05-20T05:07:30Z" finished-at="2018-05-20T05:07:30Z">
          <reporter-output>
          </reporter-output>
        </test-method> <!-- sum -->
      </class> <!-- Execute.Demo -->
    </test> <!-- Default test -->
  </suite> <!-- Default suite -->
</testng-results>
